<?xml version="1.0" encoding="UTF-8"?>
<!-- Generated by org.testng.reporters.JUnitReportReporter -->
<testsuite hostname="DESKTOP-PITCU2K" failures="0" tests="2" name="com.seleniumdemo.properitesread.SauceAddProductTest" time="0.672" errors="0" timestamp="2024-12-09T09:24:55 IST" skipped="0">
  <testcase classname="com.seleniumdemo.properitesread.SauceAddProductTest" name="addProductToCart" time="0.346"/>
  <testcase classname="com.seleniumdemo.properitesread.SauceAddProductTest" name="validateAddedProduct" time="0.326"/>
</testsuite> <!-- com.seleniumdemo.properitesread.SauceAddProductTest -->
